<?xml version="1.0" encoding="UTF-8"?>
<testng-results ignored="0" total="1" passed="1" failed="0" skipped="0">
  <reporter-output>
  </reporter-output>
  <suite started-at="2022-10-28T20:46:05 IST" name="Default suite" finished-at="2022-10-28T20:46:13 IST" duration-ms="7826">
    <groups>
    </groups>
    <test started-at="2022-10-28T20:46:05 IST" name="Default test" finished-at="2022-10-28T20:46:13 IST" duration-ms="7826">
      <class name="TestPage.LoginTestPage">
        <test-method is-config="true" signature="configureReports()[pri:0, instance:TestPage.LoginTestPage@47e2e487]" started-at="2022-10-28T20:46:05 IST" name="configureReports" finished-at="2022-10-28T20:46:05 IST" duration-ms="486" status="PASS">
          <reporter-output>
          </reporter-output>
        </test-method> <!-- configureReports -->
        <test-method is-config="true" signature="launchApplication()[pri:0, instance:TestPage.LoginTestPage@47e2e487]" started-at="2022-10-28T20:46:05 IST" name="launchApplication" finished-at="2022-10-28T20:46:10 IST" duration-ms="4884" status="PASS">
          <reporter-output>
          </reporter-output>
        </test-method> <!-- launchApplication -->
        <test-method signature="SwagLabLoginTest()[pri:0, instance:TestPage.LoginTestPage@47e2e487]" started-at="2022-10-28T20:46:10 IST" name="SwagLabLoginTest" finished-at="2022-10-28T20:46:12 IST" duration-ms="1703" status="PASS">
          <reporter-output>
          </reporter-output>
        </test-method> <!-- SwagLabLoginTest -->
        <test-method is-config="true" signature="captureResults(org.testng.ITestResult)[pri:0, instance:TestPage.LoginTestPage@47e2e487]" started-at="2022-10-28T20:46:12 IST" name="captureResults" finished-at="2022-10-28T20:46:12 IST" duration-ms="14" status="PASS">
          <params>
            <param index="0">
              <value>
                <![CDATA[[TestResult name=SwagLabLoginTest status=SUCCESS method=LoginTestPage.SwagLabLoginTest()[pri:0, instance:TestPage.LoginTestPage@47e2e487] output={null}]]]>
              </value>
            </param>
          </params>
          <reporter-output>
          </reporter-output>
        </test-method> <!-- captureResults -->
        <test-method is-config="true" signature="flushResults()[pri:0, instance:TestPage.LoginTestPage@47e2e487]" started-at="2022-10-28T20:46:12 IST" name="flushResults" finished-at="2022-10-28T20:46:13 IST" duration-ms="673" status="PASS">
          <reporter-output>
          </reporter-output>
        </test-method> <!-- flushResults -->
      </class> <!-- TestPage.LoginTestPage -->
    </test> <!-- Default test -->
  </suite> <!-- Default suite -->
</testng-results>
